{"__type":"$$EventMessageAudit","id":"d6947b8c-fab5-439f-95f3-b581186bf9a9","ts":"2025-03-17T12:21:47.382+00:00","eventName":"n8n.audit.workflow.created","message":"n8n.audit.workflow.created","payload":{"userId":"0c7559b5-c2c0-4e17-bae8-231d21bc7dd2","_email":"tntrngtrung@gmail.com","_firstName":"tin","_lastName":"truong","globalRole":"global:owner","workflowId":"cvFgspcxMeH430C0","workflowName":"My workflow"}}
{"__type":"$$EventMessageConfirm","confirm":"d6947b8c-fab5-439f-95f3-b581186bf9a9","ts":"2025-03-17T12:21:47.383+00:00","source":{"id":"0","name":"eventBus"}}
{"__type":"$$EventMessageWorkflow","id":"571380d1-9850-4144-9e72-234ceabe7225","ts":"2025-03-17T12:21:47.534+00:00","eventName":"n8n.workflow.started","message":"n8n.workflow.started","payload":{"executionId":"1","workflowId":"cvFgspcxMeH430C0","isManual":false,"workflowName":"My workflow"}}
{"__type":"$$EventMessageConfirm","confirm":"571380d1-9850-4144-9e72-234ceabe7225","ts":"2025-03-17T12:21:47.534+00:00","source":{"id":"0","name":"eventBus"}}
{"__type":"$$EventMessageNode","id":"d36b607d-959a-4d08-a376-0ee48e24368c","ts":"2025-03-17T12:21:47.538+00:00","eventName":"n8n.node.started","message":"n8n.node.started","payload":{"workflowId":"cvFgspcxMeH430C0","workflowName":"My workflow","executionId":"1","nodeType":"n8n-nodes-base.scheduleTrigger","nodeName":"Schedule Trigger"}}
{"__type":"$$EventMessageConfirm","confirm":"d36b607d-959a-4d08-a376-0ee48e24368c","ts":"2025-03-17T12:21:47.538+00:00","source":{"id":"0","name":"eventBus"}}
{"__type":"$$EventMessageNode","id":"e4466811-cebd-4909-a2c3-0a0c54fd6ee7","ts":"2025-03-17T12:21:47.550+00:00","eventName":"n8n.node.finished","message":"n8n.node.finished","payload":{"workflowId":"cvFgspcxMeH430C0","workflowName":"My workflow","executionId":"1","nodeType":"n8n-nodes-base.scheduleTrigger","nodeName":"Schedule Trigger"}}
{"__type":"$$EventMessageConfirm","confirm":"e4466811-cebd-4909-a2c3-0a0c54fd6ee7","ts":"2025-03-17T12:21:47.550+00:00","source":{"id":"0","name":"eventBus"}}
{"__type":"$$EventMessageWorkflow","id":"e36362e1-9a39-435d-a4b4-65377bee5dc9","ts":"2025-03-17T12:21:47.566+00:00","eventName":"n8n.workflow.success","message":"n8n.workflow.success","payload":{"executionId":"1","userId":"0c7559b5-c2c0-4e17-bae8-231d21bc7dd2","success":true,"isManual":true,"workflowId":"cvFgspcxMeH430C0","workflowName":"My workflow"}}
{"__type":"$$EventMessageConfirm","confirm":"e36362e1-9a39-435d-a4b4-65377bee5dc9","ts":"2025-03-17T12:21:47.566+00:00","source":{"id":"0","name":"eventBus"}}
{"__type":"$$EventMessageWorkflow","id":"c0ecc70f-5b55-404b-acbd-fd585a9f1e12","ts":"2025-03-17T12:22:21.236+00:00","eventName":"n8n.workflow.started","message":"n8n.workflow.started","payload":{"executionId":"2","workflowId":"cvFgspcxMeH430C0","isManual":false,"workflowName":"My workflow"}}
{"__type":"$$EventMessageConfirm","confirm":"c0ecc70f-5b55-404b-acbd-fd585a9f1e12","ts":"2025-03-17T12:22:21.236+00:00","source":{"id":"0","name":"eventBus"}}
{"__type":"$$EventMessageNode","id":"b9e2d0ca-2110-4799-96ae-3706dcf1b924","ts":"2025-03-17T12:22:21.237+00:00","eventName":"n8n.node.started","message":"n8n.node.started","payload":{"workflowId":"cvFgspcxMeH430C0","workflowName":"My workflow","executionId":"2","nodeType":"n8n-nodes-base.httpRequest","nodeName":"HTTP Request"}}
{"__type":"$$EventMessageConfirm","confirm":"b9e2d0ca-2110-4799-96ae-3706dcf1b924","ts":"2025-03-17T12:22:21.237+00:00","source":{"id":"0","name":"eventBus"}}
{"__type":"$$EventMessageNode","id":"581604e7-6006-437b-8d6d-9c84dc1ee536","ts":"2025-03-17T12:22:21.557+00:00","eventName":"n8n.node.finished","message":"n8n.node.finished","payload":{"workflowId":"cvFgspcxMeH430C0","workflowName":"My workflow","executionId":"2","nodeType":"n8n-nodes-base.httpRequest","nodeName":"HTTP Request"}}
{"__type":"$$EventMessageConfirm","confirm":"581604e7-6006-437b-8d6d-9c84dc1ee536","ts":"2025-03-17T12:22:21.558+00:00","source":{"id":"0","name":"eventBus"}}
{"__type":"$$EventMessageWorkflow","id":"431507d0-6503-46e4-8336-9d58ee725cfd","ts":"2025-03-17T12:22:21.589+00:00","eventName":"n8n.workflow.success","message":"n8n.workflow.success","payload":{"executionId":"2","userId":"0c7559b5-c2c0-4e17-bae8-231d21bc7dd2","success":true,"isManual":true,"workflowId":"cvFgspcxMeH430C0","workflowName":"My workflow"}}
{"__type":"$$EventMessageConfirm","confirm":"431507d0-6503-46e4-8336-9d58ee725cfd","ts":"2025-03-17T12:22:21.589+00:00","source":{"id":"0","name":"eventBus"}}
{"__type":"$$EventMessageAudit","id":"9d2ed85c-c9ee-4ba6-8402-cf7027f7f92c","ts":"2025-03-17T12:22:51.486+00:00","eventName":"n8n.audit.user.credentials.created","message":"n8n.audit.user.credentials.created","payload":{"userId":"0c7559b5-c2c0-4e17-bae8-231d21bc7dd2","_email":"tntrngtrung@gmail.com","_firstName":"tin","_lastName":"truong","globalRole":"global:owner","credentialType":"postgres","credentialId":"mhFVDiCGjcq6RLDT","publicApi":false,"projectId":"cn8PZQfKRLxze9Qk","projectType":"personal"}}
{"__type":"$$EventMessageConfirm","confirm":"9d2ed85c-c9ee-4ba6-8402-cf7027f7f92c","ts":"2025-03-17T12:22:51.486+00:00","source":{"id":"0","name":"eventBus"}}
{"__type":"$$EventMessageWorkflow","id":"47fb5006-0169-46e7-a045-0afed688df68","ts":"2025-03-17T12:25:01.491+00:00","eventName":"n8n.workflow.started","message":"n8n.workflow.started","payload":{"executionId":"3","workflowId":"cvFgspcxMeH430C0","isManual":false,"workflowName":"My workflow"}}
{"__type":"$$EventMessageConfirm","confirm":"47fb5006-0169-46e7-a045-0afed688df68","ts":"2025-03-17T12:25:01.491+00:00","source":{"id":"0","name":"eventBus"}}
{"__type":"$$EventMessageNode","id":"b7e02363-0f7c-426b-9b17-e5686aa9d565","ts":"2025-03-17T12:25:01.492+00:00","eventName":"n8n.node.started","message":"n8n.node.started","payload":{"workflowId":"cvFgspcxMeH430C0","workflowName":"My workflow","executionId":"3","nodeType":"n8n-nodes-base.postgres","nodeName":"Postgres"}}
{"__type":"$$EventMessageConfirm","confirm":"b7e02363-0f7c-426b-9b17-e5686aa9d565","ts":"2025-03-17T12:25:01.492+00:00","source":{"id":"0","name":"eventBus"}}
{"__type":"$$EventMessageNode","id":"8c806108-8066-4569-895b-0230b5340308","ts":null,"eventName":"n8n.node.finished","message":"n8n.node.finished","payload":{"workflowId":"cvFgspcxMeH430C0","workflowName":"My workflow","executionId":"3","nodeType":"n8n-nodes-base.postgres","nodeName":"Postgres"}}
{"__type":"$$EventMessageConfirm","confirm":"8c806108-8066-4569-895b-0230b5340308","ts":null,"source":{"id":"0","name":"eventBus"}}
{"__type":"$$EventMessageWorkflow","id":"fb95e705-bc49-403e-8c3c-5a134cfd9086","ts":null,"eventName":"n8n.workflow.failed","message":"n8n.workflow.failed","payload":{"executionId":"3","userId":"0c7559b5-c2c0-4e17-bae8-231d21bc7dd2","success":false,"isManual":true,"workflowId":"cvFgspcxMeH430C0","workflowName":"My workflow","lastNodeExecuted":"Postgres","errorNodeType":"n8n-nodes-base.postgres","errorMessage":"Connection refused"}}
{"__type":"$$EventMessageConfirm","confirm":"fb95e705-bc49-403e-8c3c-5a134cfd9086","ts":null,"source":{"id":"0","name":"eventBus"}}
{"__type":"$$EventMessageAudit","id":"f179967d-136a-4fec-a78d-919140ad182a","ts":null,"eventName":"n8n.audit.user.credentials.updated","message":"n8n.audit.user.credentials.updated","payload":{"userId":"0c7559b5-c2c0-4e17-bae8-231d21bc7dd2","_email":"tntrngtrung@gmail.com","_firstName":"tin","_lastName":"truong","globalRole":"global:owner","credentialType":"postgres","credentialId":"mhFVDiCGjcq6RLDT"}}
{"__type":"$$EventMessageConfirm","confirm":"f179967d-136a-4fec-a78d-919140ad182a","ts":null,"source":{"id":"0","name":"eventBus"}}
