{"__type":"$$EventMessageWorkflow","id":"94261cbc-ce1d-4c02-9831-41a4fb6c3ebd","ts":"2025-03-17T12:30:58.464+00:00","eventName":"n8n.workflow.started","message":"n8n.workflow.started","payload":{"executionId":"4","workflowId":"cvFgspcxMeH430C0","isManual":false,"workflowName":"My workflow"}}
{"__type":"$$EventMessageConfirm","confirm":"94261cbc-ce1d-4c02-9831-41a4fb6c3ebd","ts":"2025-03-17T12:30:58.464+00:00","source":{"id":"0","name":"eventBus"}}
{"__type":"$$EventMessageNode","id":"eb7d9155-bdb1-47cb-832c-64a017b4afb1","ts":"2025-03-17T12:30:58.466+00:00","eventName":"n8n.node.started","message":"n8n.node.started","payload":{"workflowId":"cvFgspcxMeH430C0","workflowName":"My workflow","executionId":"4","nodeType":"n8n-nodes-base.scheduleTrigger","nodeName":"Schedule Trigger"}}
{"__type":"$$EventMessageConfirm","confirm":"eb7d9155-bdb1-47cb-832c-64a017b4afb1","ts":"2025-03-17T12:30:58.466+00:00","source":{"id":"0","name":"eventBus"}}
{"__type":"$$EventMessageNode","id":"d7cfc592-a4dc-44bb-b2d5-e0d5f3e993e7","ts":"2025-03-17T12:30:58.481+00:00","eventName":"n8n.node.finished","message":"n8n.node.finished","payload":{"workflowId":"cvFgspcxMeH430C0","workflowName":"My workflow","executionId":"4","nodeType":"n8n-nodes-base.scheduleTrigger","nodeName":"Schedule Trigger"}}
{"__type":"$$EventMessageConfirm","confirm":"d7cfc592-a4dc-44bb-b2d5-e0d5f3e993e7","ts":"2025-03-17T12:30:58.481+00:00","source":{"id":"0","name":"eventBus"}}
{"__type":"$$EventMessageNode","id":"e6a3603a-f377-474a-8516-f9920b94f4a3","ts":"2025-03-17T12:30:58.481+00:00","eventName":"n8n.node.started","message":"n8n.node.started","payload":{"workflowId":"cvFgspcxMeH430C0","workflowName":"My workflow","executionId":"4","nodeType":"n8n-nodes-base.httpRequest","nodeName":"HTTP Request"}}
{"__type":"$$EventMessageConfirm","confirm":"e6a3603a-f377-474a-8516-f9920b94f4a3","ts":"2025-03-17T12:30:58.481+00:00","source":{"id":"0","name":"eventBus"}}
{"__type":"$$EventMessageNode","id":"d4d33d42-46b4-4ddb-8019-748493ee88c2","ts":"2025-03-17T12:30:58.885+00:00","eventName":"n8n.node.finished","message":"n8n.node.finished","payload":{"workflowId":"cvFgspcxMeH430C0","workflowName":"My workflow","executionId":"4","nodeType":"n8n-nodes-base.httpRequest","nodeName":"HTTP Request"}}
{"__type":"$$EventMessageConfirm","confirm":"d4d33d42-46b4-4ddb-8019-748493ee88c2","ts":"2025-03-17T12:30:58.885+00:00","source":{"id":"0","name":"eventBus"}}
{"__type":"$$EventMessageWorkflow","id":"a7cc812e-df14-4ca6-9716-45140e71e198","ts":"2025-03-17T12:30:58.894+00:00","eventName":"n8n.workflow.success","message":"n8n.workflow.success","payload":{"executionId":"4","userId":"0c7559b5-c2c0-4e17-bae8-231d21bc7dd2","success":true,"isManual":true,"workflowId":"cvFgspcxMeH430C0","workflowName":"My workflow"}}
{"__type":"$$EventMessageConfirm","confirm":"a7cc812e-df14-4ca6-9716-45140e71e198","ts":"2025-03-17T12:30:58.894+00:00","source":{"id":"0","name":"eventBus"}}
{"__type":"$$EventMessageWorkflow","id":"1901da9f-c906-4ed6-897a-447d615df4fd","ts":"2025-03-17T12:31:18.223+00:00","eventName":"n8n.workflow.started","message":"n8n.workflow.started","payload":{"executionId":"5","workflowId":"cvFgspcxMeH430C0","isManual":false,"workflowName":"My workflow"}}
{"__type":"$$EventMessageConfirm","confirm":"1901da9f-c906-4ed6-897a-447d615df4fd","ts":"2025-03-17T12:31:18.223+00:00","source":{"id":"0","name":"eventBus"}}
{"__type":"$$EventMessageNode","id":"7040c218-61cd-401e-981f-02c1e02eff58","ts":"2025-03-17T12:31:18.224+00:00","eventName":"n8n.node.started","message":"n8n.node.started","payload":{"workflowId":"cvFgspcxMeH430C0","workflowName":"My workflow","executionId":"5","nodeType":"n8n-nodes-base.postgres","nodeName":"Postgres"}}
{"__type":"$$EventMessageConfirm","confirm":"7040c218-61cd-401e-981f-02c1e02eff58","ts":"2025-03-17T12:31:18.224+00:00","source":{"id":"0","name":"eventBus"}}
{"__type":"$$EventMessageNode","id":"45f02f16-86dc-4e53-b29e-16a61e2ef1a9","ts":"2025-03-17T08:31:18.398-04:00","eventName":"n8n.node.finished","message":"n8n.node.finished","payload":{"workflowId":"cvFgspcxMeH430C0","workflowName":"My workflow","executionId":"5","nodeType":"n8n-nodes-base.postgres","nodeName":"Postgres"}}
{"__type":"$$EventMessageConfirm","confirm":"45f02f16-86dc-4e53-b29e-16a61e2ef1a9","ts":"2025-03-17T08:31:18.399-04:00","source":{"id":"0","name":"eventBus"}}
{"__type":"$$EventMessageWorkflow","id":"e96ad4b0-0f37-4ca4-8840-718b48d0e124","ts":"2025-03-17T08:31:18.402-04:00","eventName":"n8n.workflow.failed","message":"n8n.workflow.failed","payload":{"executionId":"5","userId":"0c7559b5-c2c0-4e17-bae8-231d21bc7dd2","success":false,"isManual":true,"workflowId":"cvFgspcxMeH430C0","workflowName":"My workflow","lastNodeExecuted":"Postgres","errorNodeType":"n8n-nodes-base.postgres","errorMessage":"The server does not support SSL connections"}}
{"__type":"$$EventMessageConfirm","confirm":"e96ad4b0-0f37-4ca4-8840-718b48d0e124","ts":"2025-03-17T08:31:18.402-04:00","source":{"id":"0","name":"eventBus"}}
{"__type":"$$EventMessageAudit","id":"a85c8c0c-cec6-4924-a5fd-8fce982b2e86","ts":"2025-03-17T08:31:27.082-04:00","eventName":"n8n.audit.workflow.updated","message":"n8n.audit.workflow.updated","payload":{"userId":"0c7559b5-c2c0-4e17-bae8-231d21bc7dd2","_email":"tntrngtrung@gmail.com","_firstName":"tin","_lastName":"truong","globalRole":"global:owner","workflowId":"cvFgspcxMeH430C0","workflowName":"My workflow"}}
{"__type":"$$EventMessageConfirm","confirm":"a85c8c0c-cec6-4924-a5fd-8fce982b2e86","ts":"2025-03-17T08:31:27.082-04:00","source":{"id":"0","name":"eventBus"}}
{"__type":"$$EventMessageWorkflow","id":"1ea3c086-cd38-4dc9-b866-72dcaefb6cfe","ts":"2025-03-17T08:31:27.944-04:00","eventName":"n8n.workflow.started","message":"n8n.workflow.started","payload":{"executionId":"6","workflowId":"cvFgspcxMeH430C0","isManual":false,"workflowName":"My workflow"}}
{"__type":"$$EventMessageConfirm","confirm":"1ea3c086-cd38-4dc9-b866-72dcaefb6cfe","ts":"2025-03-17T08:31:27.944-04:00","source":{"id":"0","name":"eventBus"}}
{"__type":"$$EventMessageNode","id":"3e617372-f59d-4eb3-9346-7bddc007f9ea","ts":"2025-03-17T08:31:27.945-04:00","eventName":"n8n.node.started","message":"n8n.node.started","payload":{"workflowId":"cvFgspcxMeH430C0","workflowName":"My workflow","executionId":"6","nodeType":"n8n-nodes-base.postgres","nodeName":"Postgres"}}
{"__type":"$$EventMessageConfirm","confirm":"3e617372-f59d-4eb3-9346-7bddc007f9ea","ts":"2025-03-17T08:31:27.945-04:00","source":{"id":"0","name":"eventBus"}}
{"__type":"$$EventMessageNode","id":"c72b9cb4-c398-49a5-a99f-976554d93d30","ts":"2025-03-17T08:31:27.963-04:00","eventName":"n8n.node.finished","message":"n8n.node.finished","payload":{"workflowId":"cvFgspcxMeH430C0","workflowName":"My workflow","executionId":"6","nodeType":"n8n-nodes-base.postgres","nodeName":"Postgres"}}
{"__type":"$$EventMessageConfirm","confirm":"c72b9cb4-c398-49a5-a99f-976554d93d30","ts":"2025-03-17T08:31:27.963-04:00","source":{"id":"0","name":"eventBus"}}
{"__type":"$$EventMessageWorkflow","id":"536df41f-38ae-415f-8d53-f88e4a9a3071","ts":"2025-03-17T08:31:27.965-04:00","eventName":"n8n.workflow.failed","message":"n8n.workflow.failed","payload":{"executionId":"6","userId":"0c7559b5-c2c0-4e17-bae8-231d21bc7dd2","success":false,"isManual":true,"workflowId":"cvFgspcxMeH430C0","workflowName":"My workflow","lastNodeExecuted":"Postgres","errorNodeType":"n8n-nodes-base.postgres","errorMessage":"The server does not support SSL connections"}}
{"__type":"$$EventMessageConfirm","confirm":"536df41f-38ae-415f-8d53-f88e4a9a3071","ts":"2025-03-17T08:31:27.965-04:00","source":{"id":"0","name":"eventBus"}}
{"__type":"$$EventMessageWorkflow","id":"4c29afb5-07c8-4f90-adf1-54c1d09ceffc","ts":"2025-03-17T08:32:01.226-04:00","eventName":"n8n.workflow.started","message":"n8n.workflow.started","payload":{"executionId":"7","workflowId":"cvFgspcxMeH430C0","isManual":false,"workflowName":"My workflow"}}
{"__type":"$$EventMessageConfirm","confirm":"4c29afb5-07c8-4f90-adf1-54c1d09ceffc","ts":"2025-03-17T08:32:01.227-04:00","source":{"id":"0","name":"eventBus"}}
{"__type":"$$EventMessageNode","id":"ff5e4960-1941-46e1-8866-bd1a8b553a37","ts":"2025-03-17T08:32:01.227-04:00","eventName":"n8n.node.started","message":"n8n.node.started","payload":{"workflowId":"cvFgspcxMeH430C0","workflowName":"My workflow","executionId":"7","nodeType":"n8n-nodes-base.postgres","nodeName":"Postgres"}}
{"__type":"$$EventMessageConfirm","confirm":"ff5e4960-1941-46e1-8866-bd1a8b553a37","ts":"2025-03-17T08:32:01.227-04:00","source":{"id":"0","name":"eventBus"}}
{"__type":"$$EventMessageNode","id":"f18bc34f-2f1a-411c-8345-55f34a0a0a76","ts":"2025-03-17T08:32:01.237-04:00","eventName":"n8n.node.finished","message":"n8n.node.finished","payload":{"workflowId":"cvFgspcxMeH430C0","workflowName":"My workflow","executionId":"7","nodeType":"n8n-nodes-base.postgres","nodeName":"Postgres"}}
{"__type":"$$EventMessageConfirm","confirm":"f18bc34f-2f1a-411c-8345-55f34a0a0a76","ts":"2025-03-17T08:32:01.237-04:00","source":{"id":"0","name":"eventBus"}}
{"__type":"$$EventMessageWorkflow","id":"3a4db0e3-f5c8-415b-a215-1ca9826c57fe","ts":"2025-03-17T08:32:01.240-04:00","eventName":"n8n.workflow.failed","message":"n8n.workflow.failed","payload":{"executionId":"7","userId":"0c7559b5-c2c0-4e17-bae8-231d21bc7dd2","success":false,"isManual":true,"workflowId":"cvFgspcxMeH430C0","workflowName":"My workflow","lastNodeExecuted":"Postgres","errorNodeType":"n8n-nodes-base.postgres","errorMessage":"The server does not support SSL connections"}}
{"__type":"$$EventMessageConfirm","confirm":"3a4db0e3-f5c8-415b-a215-1ca9826c57fe","ts":"2025-03-17T08:32:01.240-04:00","source":{"id":"0","name":"eventBus"}}
{"__type":"$$EventMessageWorkflow","id":"bfe2a8d8-7826-4317-ae2e-145a338925e7","ts":"2025-03-17T08:32:02.234-04:00","eventName":"n8n.workflow.started","message":"n8n.workflow.started","payload":{"executionId":"8","workflowId":"cvFgspcxMeH430C0","isManual":false,"workflowName":"My workflow"}}
{"__type":"$$EventMessageConfirm","confirm":"bfe2a8d8-7826-4317-ae2e-145a338925e7","ts":"2025-03-17T08:32:02.235-04:00","source":{"id":"0","name":"eventBus"}}
{"__type":"$$EventMessageNode","id":"a72ce59f-4249-4014-9132-b9db703c09b3","ts":"2025-03-17T08:32:02.236-04:00","eventName":"n8n.node.started","message":"n8n.node.started","payload":{"workflowId":"cvFgspcxMeH430C0","workflowName":"My workflow","executionId":"8","nodeType":"n8n-nodes-base.postgres","nodeName":"Postgres"}}
{"__type":"$$EventMessageConfirm","confirm":"a72ce59f-4249-4014-9132-b9db703c09b3","ts":"2025-03-17T08:32:02.236-04:00","source":{"id":"0","name":"eventBus"}}
{"__type":"$$EventMessageNode","id":"96776b3f-dfe4-489d-8742-7da49b5a288e","ts":"2025-03-17T08:32:02.247-04:00","eventName":"n8n.node.finished","message":"n8n.node.finished","payload":{"workflowId":"cvFgspcxMeH430C0","workflowName":"My workflow","executionId":"8","nodeType":"n8n-nodes-base.postgres","nodeName":"Postgres"}}
{"__type":"$$EventMessageConfirm","confirm":"96776b3f-dfe4-489d-8742-7da49b5a288e","ts":"2025-03-17T08:32:02.248-04:00","source":{"id":"0","name":"eventBus"}}
{"__type":"$$EventMessageWorkflow","id":"b279a96a-a98b-41e8-9764-d9079ff2bb9b","ts":"2025-03-17T08:32:02.249-04:00","eventName":"n8n.workflow.failed","message":"n8n.workflow.failed","payload":{"executionId":"8","userId":"0c7559b5-c2c0-4e17-bae8-231d21bc7dd2","success":false,"isManual":true,"workflowId":"cvFgspcxMeH430C0","workflowName":"My workflow","lastNodeExecuted":"Postgres","errorNodeType":"n8n-nodes-base.postgres","errorMessage":"The server does not support SSL connections"}}
{"__type":"$$EventMessageConfirm","confirm":"b279a96a-a98b-41e8-9764-d9079ff2bb9b","ts":"2025-03-17T08:32:02.250-04:00","source":{"id":"0","name":"eventBus"}}
{"__type":"$$EventMessageWorkflow","id":"d17ebf7e-3d75-4d3b-82a6-172782a24640","ts":"2025-03-17T08:41:35.528-04:00","eventName":"n8n.workflow.started","message":"n8n.workflow.started","payload":{"executionId":"9","workflowId":"cvFgspcxMeH430C0","isManual":false,"workflowName":"My workflow"}}
{"__type":"$$EventMessageConfirm","confirm":"d17ebf7e-3d75-4d3b-82a6-172782a24640","ts":"2025-03-17T08:41:35.528-04:00","source":{"id":"0","name":"eventBus"}}
{"__type":"$$EventMessageNode","id":"0e84a9c8-9fb5-461f-add2-e937ead98ce3","ts":"2025-03-17T08:41:35.529-04:00","eventName":"n8n.node.started","message":"n8n.node.started","payload":{"workflowId":"cvFgspcxMeH430C0","workflowName":"My workflow","executionId":"9","nodeType":"n8n-nodes-base.postgres","nodeName":"Postgres"}}
{"__type":"$$EventMessageConfirm","confirm":"0e84a9c8-9fb5-461f-add2-e937ead98ce3","ts":"2025-03-17T08:41:35.529-04:00","source":{"id":"0","name":"eventBus"}}
{"__type":"$$EventMessageNode","id":"49f4b876-eedb-42b6-b324-974892889811","ts":"2025-03-17T08:41:35.541-04:00","eventName":"n8n.node.finished","message":"n8n.node.finished","payload":{"workflowId":"cvFgspcxMeH430C0","workflowName":"My workflow","executionId":"9","nodeType":"n8n-nodes-base.postgres","nodeName":"Postgres"}}
{"__type":"$$EventMessageConfirm","confirm":"49f4b876-eedb-42b6-b324-974892889811","ts":"2025-03-17T08:41:35.541-04:00","source":{"id":"0","name":"eventBus"}}
{"__type":"$$EventMessageWorkflow","id":"10547954-23cb-4ecc-b124-8fc8fe40a895","ts":"2025-03-17T08:41:35.543-04:00","eventName":"n8n.workflow.failed","message":"n8n.workflow.failed","payload":{"executionId":"9","userId":"0c7559b5-c2c0-4e17-bae8-231d21bc7dd2","success":false,"isManual":true,"workflowId":"cvFgspcxMeH430C0","workflowName":"My workflow","lastNodeExecuted":"Postgres","errorNodeType":"n8n-nodes-base.postgres","errorMessage":"The server does not support SSL connections"}}
{"__type":"$$EventMessageConfirm","confirm":"10547954-23cb-4ecc-b124-8fc8fe40a895","ts":"2025-03-17T08:41:35.543-04:00","source":{"id":"0","name":"eventBus"}}
{"__type":"$$EventMessageAudit","id":"96b017d8-87fc-4fba-8dba-6ea77391e87c","ts":"2025-03-17T08:41:39.852-04:00","eventName":"n8n.audit.workflow.updated","message":"n8n.audit.workflow.updated","payload":{"userId":"0c7559b5-c2c0-4e17-bae8-231d21bc7dd2","_email":"tntrngtrung@gmail.com","_firstName":"tin","_lastName":"truong","globalRole":"global:owner","workflowId":"cvFgspcxMeH430C0","workflowName":"My workflow"}}
{"__type":"$$EventMessageConfirm","confirm":"96b017d8-87fc-4fba-8dba-6ea77391e87c","ts":"2025-03-17T08:41:39.852-04:00","source":{"id":"0","name":"eventBus"}}
{"__type":"$$EventMessageWorkflow","id":"5f853503-0d16-4ddd-8a7a-c445211a2c39","ts":"2025-03-17T08:41:41.212-04:00","eventName":"n8n.workflow.started","message":"n8n.workflow.started","payload":{"executionId":"10","workflowId":"cvFgspcxMeH430C0","isManual":false,"workflowName":"My workflow"}}
{"__type":"$$EventMessageConfirm","confirm":"5f853503-0d16-4ddd-8a7a-c445211a2c39","ts":"2025-03-17T08:41:41.212-04:00","source":{"id":"0","name":"eventBus"}}
{"__type":"$$EventMessageNode","id":"b99f4e20-d6dc-43be-afc6-a14d71da171f","ts":"2025-03-17T08:41:41.212-04:00","eventName":"n8n.node.started","message":"n8n.node.started","payload":{"workflowId":"cvFgspcxMeH430C0","workflowName":"My workflow","executionId":"10","nodeType":"n8n-nodes-base.scheduleTrigger","nodeName":"Schedule Trigger"}}
{"__type":"$$EventMessageConfirm","confirm":"b99f4e20-d6dc-43be-afc6-a14d71da171f","ts":"2025-03-17T08:41:41.213-04:00","source":{"id":"0","name":"eventBus"}}
{"__type":"$$EventMessageNode","id":"5880d21b-8cdc-4cca-bbb9-7e658566e1c7","ts":"2025-03-17T08:41:41.214-04:00","eventName":"n8n.node.finished","message":"n8n.node.finished","payload":{"workflowId":"cvFgspcxMeH430C0","workflowName":"My workflow","executionId":"10","nodeType":"n8n-nodes-base.scheduleTrigger","nodeName":"Schedule Trigger"}}
{"__type":"$$EventMessageConfirm","confirm":"5880d21b-8cdc-4cca-bbb9-7e658566e1c7","ts":"2025-03-17T08:41:41.214-04:00","source":{"id":"0","name":"eventBus"}}
{"__type":"$$EventMessageNode","id":"efdedf21-abb6-4f2e-bc78-413de5ecb372","ts":"2025-03-17T08:41:41.215-04:00","eventName":"n8n.node.started","message":"n8n.node.started","payload":{"workflowId":"cvFgspcxMeH430C0","workflowName":"My workflow","executionId":"10","nodeType":"n8n-nodes-base.httpRequest","nodeName":"HTTP Request"}}
{"__type":"$$EventMessageConfirm","confirm":"efdedf21-abb6-4f2e-bc78-413de5ecb372","ts":"2025-03-17T08:41:41.215-04:00","source":{"id":"0","name":"eventBus"}}
{"__type":"$$EventMessageNode","id":"8822f46f-54d2-47ec-8e9f-78b0de1829a4","ts":"2025-03-17T08:41:41.586-04:00","eventName":"n8n.node.finished","message":"n8n.node.finished","payload":{"workflowId":"cvFgspcxMeH430C0","workflowName":"My workflow","executionId":"10","nodeType":"n8n-nodes-base.httpRequest","nodeName":"HTTP Request"}}
{"__type":"$$EventMessageConfirm","confirm":"8822f46f-54d2-47ec-8e9f-78b0de1829a4","ts":"2025-03-17T08:41:41.586-04:00","source":{"id":"0","name":"eventBus"}}
{"__type":"$$EventMessageNode","id":"e0843cc7-f113-40b7-868c-0e3411526ece","ts":"2025-03-17T08:41:41.587-04:00","eventName":"n8n.node.started","message":"n8n.node.started","payload":{"workflowId":"cvFgspcxMeH430C0","workflowName":"My workflow","executionId":"10","nodeType":"n8n-nodes-base.postgres","nodeName":"Postgres"}}
{"__type":"$$EventMessageConfirm","confirm":"e0843cc7-f113-40b7-868c-0e3411526ece","ts":"2025-03-17T08:41:41.588-04:00","source":{"id":"0","name":"eventBus"}}
{"__type":"$$EventMessageNode","id":"e8e9673d-3b1c-4200-8640-aa463b04c2fe","ts":"2025-03-17T08:41:41.614-04:00","eventName":"n8n.node.finished","message":"n8n.node.finished","payload":{"workflowId":"cvFgspcxMeH430C0","workflowName":"My workflow","executionId":"10","nodeType":"n8n-nodes-base.postgres","nodeName":"Postgres"}}
{"__type":"$$EventMessageConfirm","confirm":"e8e9673d-3b1c-4200-8640-aa463b04c2fe","ts":"2025-03-17T08:41:41.614-04:00","source":{"id":"0","name":"eventBus"}}
{"__type":"$$EventMessageWorkflow","id":"612521d8-2e1b-425c-bbd9-a482fb9427d1","ts":"2025-03-17T08:41:41.619-04:00","eventName":"n8n.workflow.failed","message":"n8n.workflow.failed","payload":{"executionId":"10","userId":"0c7559b5-c2c0-4e17-bae8-231d21bc7dd2","success":false,"isManual":true,"workflowId":"cvFgspcxMeH430C0","workflowName":"My workflow","lastNodeExecuted":"Postgres","errorNodeType":"n8n-nodes-base.postgres","errorMessage":"The server does not support SSL connections"}}
{"__type":"$$EventMessageConfirm","confirm":"612521d8-2e1b-425c-bbd9-a482fb9427d1","ts":"2025-03-17T08:41:41.619-04:00","source":{"id":"0","name":"eventBus"}}
{"__type":"$$EventMessageWorkflow","id":"283e268b-7552-4577-84c1-326c6d19e7d8","ts":"2025-03-17T08:41:42.532-04:00","eventName":"n8n.workflow.started","message":"n8n.workflow.started","payload":{"executionId":"11","workflowId":"cvFgspcxMeH430C0","isManual":false,"workflowName":"My workflow"}}
{"__type":"$$EventMessageConfirm","confirm":"283e268b-7552-4577-84c1-326c6d19e7d8","ts":"2025-03-17T08:41:42.532-04:00","source":{"id":"0","name":"eventBus"}}
{"__type":"$$EventMessageNode","id":"5a18e601-dced-43db-af02-237726587d84","ts":"2025-03-17T08:41:42.533-04:00","eventName":"n8n.node.started","message":"n8n.node.started","payload":{"workflowId":"cvFgspcxMeH430C0","workflowName":"My workflow","executionId":"11","nodeType":"n8n-nodes-base.scheduleTrigger","nodeName":"Schedule Trigger"}}
{"__type":"$$EventMessageConfirm","confirm":"5a18e601-dced-43db-af02-237726587d84","ts":"2025-03-17T08:41:42.533-04:00","source":{"id":"0","name":"eventBus"}}
{"__type":"$$EventMessageNode","id":"87bd20e6-249d-4a6f-bd0e-810ecf7b4aee","ts":"2025-03-17T08:41:42.534-04:00","eventName":"n8n.node.finished","message":"n8n.node.finished","payload":{"workflowId":"cvFgspcxMeH430C0","workflowName":"My workflow","executionId":"11","nodeType":"n8n-nodes-base.scheduleTrigger","nodeName":"Schedule Trigger"}}
{"__type":"$$EventMessageConfirm","confirm":"87bd20e6-249d-4a6f-bd0e-810ecf7b4aee","ts":"2025-03-17T08:41:42.534-04:00","source":{"id":"0","name":"eventBus"}}
{"__type":"$$EventMessageNode","id":"95ddbf28-5036-4ffe-bc6d-99e4c1ed5db9","ts":"2025-03-17T08:41:42.534-04:00","eventName":"n8n.node.started","message":"n8n.node.started","payload":{"workflowId":"cvFgspcxMeH430C0","workflowName":"My workflow","executionId":"11","nodeType":"n8n-nodes-base.httpRequest","nodeName":"HTTP Request"}}
{"__type":"$$EventMessageConfirm","confirm":"95ddbf28-5036-4ffe-bc6d-99e4c1ed5db9","ts":"2025-03-17T08:41:42.535-04:00","source":{"id":"0","name":"eventBus"}}
{"__type":"$$EventMessageNode","id":"0ed2b05a-ac8e-4591-a863-499d2f9aa37f","ts":"2025-03-17T08:41:42.721-04:00","eventName":"n8n.node.finished","message":"n8n.node.finished","payload":{"workflowId":"cvFgspcxMeH430C0","workflowName":"My workflow","executionId":"11","nodeType":"n8n-nodes-base.httpRequest","nodeName":"HTTP Request"}}
{"__type":"$$EventMessageConfirm","confirm":"0ed2b05a-ac8e-4591-a863-499d2f9aa37f","ts":"2025-03-17T08:41:42.721-04:00","source":{"id":"0","name":"eventBus"}}
{"__type":"$$EventMessageNode","id":"e0e66f70-7a4a-48e9-abba-17c62b566f67","ts":"2025-03-17T08:41:42.721-04:00","eventName":"n8n.node.started","message":"n8n.node.started","payload":{"workflowId":"cvFgspcxMeH430C0","workflowName":"My workflow","executionId":"11","nodeType":"n8n-nodes-base.postgres","nodeName":"Postgres"}}
{"__type":"$$EventMessageConfirm","confirm":"e0e66f70-7a4a-48e9-abba-17c62b566f67","ts":"2025-03-17T08:41:42.721-04:00","source":{"id":"0","name":"eventBus"}}
{"__type":"$$EventMessageNode","id":"4514fca0-c0a9-4892-965b-014bad9a0d65","ts":"2025-03-17T08:41:42.728-04:00","eventName":"n8n.node.finished","message":"n8n.node.finished","payload":{"workflowId":"cvFgspcxMeH430C0","workflowName":"My workflow","executionId":"11","nodeType":"n8n-nodes-base.postgres","nodeName":"Postgres"}}
{"__type":"$$EventMessageConfirm","confirm":"4514fca0-c0a9-4892-965b-014bad9a0d65","ts":"2025-03-17T08:41:42.728-04:00","source":{"id":"0","name":"eventBus"}}
{"__type":"$$EventMessageWorkflow","id":"b8542283-67ad-42f1-91b2-ae07f7bdd377","ts":"2025-03-17T08:41:42.731-04:00","eventName":"n8n.workflow.failed","message":"n8n.workflow.failed","payload":{"executionId":"11","userId":"0c7559b5-c2c0-4e17-bae8-231d21bc7dd2","success":false,"isManual":true,"workflowId":"cvFgspcxMeH430C0","workflowName":"My workflow","lastNodeExecuted":"Postgres","errorNodeType":"n8n-nodes-base.postgres","errorMessage":"The server does not support SSL connections"}}
{"__type":"$$EventMessageConfirm","confirm":"b8542283-67ad-42f1-91b2-ae07f7bdd377","ts":"2025-03-17T08:41:42.731-04:00","source":{"id":"0","name":"eventBus"}}
{"__type":"$$EventMessageAudit","id":"f1aff26a-8029-4345-a7a0-f0dcd03b2088","ts":"2025-03-17T08:42:17.105-04:00","eventName":"n8n.audit.user.credentials.updated","message":"n8n.audit.user.credentials.updated","payload":{"userId":"0c7559b5-c2c0-4e17-bae8-231d21bc7dd2","_email":"tntrngtrung@gmail.com","_firstName":"tin","_lastName":"truong","globalRole":"global:owner","credentialType":"postgres","credentialId":"mhFVDiCGjcq6RLDT"}}
{"__type":"$$EventMessageConfirm","confirm":"f1aff26a-8029-4345-a7a0-f0dcd03b2088","ts":"2025-03-17T08:42:17.105-04:00","source":{"id":"0","name":"eventBus"}}
{"__type":"$$EventMessageWorkflow","id":"6f0553d4-495c-4cca-bfd0-1feedd8378b1","ts":"2025-03-17T08:42:21.697-04:00","eventName":"n8n.workflow.started","message":"n8n.workflow.started","payload":{"executionId":"12","workflowId":"cvFgspcxMeH430C0","isManual":false,"workflowName":"My workflow"}}
{"__type":"$$EventMessageConfirm","confirm":"6f0553d4-495c-4cca-bfd0-1feedd8378b1","ts":"2025-03-17T08:42:21.698-04:00","source":{"id":"0","name":"eventBus"}}
{"__type":"$$EventMessageNode","id":"4d114b2a-b2b6-472b-aace-8cde86a43f53","ts":"2025-03-17T08:42:21.699-04:00","eventName":"n8n.node.started","message":"n8n.node.started","payload":{"workflowId":"cvFgspcxMeH430C0","workflowName":"My workflow","executionId":"12","nodeType":"n8n-nodes-base.postgres","nodeName":"Postgres"}}
{"__type":"$$EventMessageConfirm","confirm":"4d114b2a-b2b6-472b-aace-8cde86a43f53","ts":"2025-03-17T08:42:21.699-04:00","source":{"id":"0","name":"eventBus"}}
{"__type":"$$EventMessageNode","id":"c1909ea3-3037-4863-8d10-aa88982d0a16","ts":"2025-03-17T08:42:21.718-04:00","eventName":"n8n.node.finished","message":"n8n.node.finished","payload":{"workflowId":"cvFgspcxMeH430C0","workflowName":"My workflow","executionId":"12","nodeType":"n8n-nodes-base.postgres","nodeName":"Postgres"}}
{"__type":"$$EventMessageConfirm","confirm":"c1909ea3-3037-4863-8d10-aa88982d0a16","ts":"2025-03-17T08:42:21.718-04:00","source":{"id":"0","name":"eventBus"}}
{"__type":"$$EventMessageWorkflow","id":"c9fa229d-a7c2-461d-bee1-c54060553da0","ts":"2025-03-17T08:42:21.719-04:00","eventName":"n8n.workflow.failed","message":"n8n.workflow.failed","payload":{"executionId":"12","userId":"0c7559b5-c2c0-4e17-bae8-231d21bc7dd2","success":false,"isManual":true,"workflowId":"cvFgspcxMeH430C0","workflowName":"My workflow","lastNodeExecuted":"Postgres","errorNodeType":"n8n-nodes-base.postgres","errorMessage":"relation \"crypto_data\" does not exist"}}
{"__type":"$$EventMessageConfirm","confirm":"c9fa229d-a7c2-461d-bee1-c54060553da0","ts":"2025-03-17T08:42:21.719-04:00","source":{"id":"0","name":"eventBus"}}
{"__type":"$$EventMessageWorkflow","id":"20015675-6180-42a3-b79d-5ecc7cd45d80","ts":"2025-03-17T08:42:35.122-04:00","eventName":"n8n.workflow.started","message":"n8n.workflow.started","payload":{"executionId":"13","workflowId":"cvFgspcxMeH430C0","isManual":false,"workflowName":"My workflow"}}
{"__type":"$$EventMessageConfirm","confirm":"20015675-6180-42a3-b79d-5ecc7cd45d80","ts":"2025-03-17T08:42:35.123-04:00","source":{"id":"0","name":"eventBus"}}
{"__type":"$$EventMessageNode","id":"fcf99929-27c9-4599-ad27-ecdabbb2b513","ts":"2025-03-17T08:42:35.123-04:00","eventName":"n8n.node.started","message":"n8n.node.started","payload":{"workflowId":"cvFgspcxMeH430C0","workflowName":"My workflow","executionId":"13","nodeType":"n8n-nodes-base.postgres","nodeName":"Postgres"}}
{"__type":"$$EventMessageConfirm","confirm":"fcf99929-27c9-4599-ad27-ecdabbb2b513","ts":"2025-03-17T08:42:35.123-04:00","source":{"id":"0","name":"eventBus"}}
{"__type":"$$EventMessageNode","id":"0e2ab59b-3e2f-492d-8f52-8b42027b0040","ts":"2025-03-17T08:42:35.155-04:00","eventName":"n8n.node.finished","message":"n8n.node.finished","payload":{"workflowId":"cvFgspcxMeH430C0","workflowName":"My workflow","executionId":"13","nodeType":"n8n-nodes-base.postgres","nodeName":"Postgres"}}
{"__type":"$$EventMessageConfirm","confirm":"0e2ab59b-3e2f-492d-8f52-8b42027b0040","ts":"2025-03-17T08:42:35.155-04:00","source":{"id":"0","name":"eventBus"}}
{"__type":"$$EventMessageWorkflow","id":"17a4ed7a-7223-4cbc-8389-2d9ef1f4d6ed","ts":"2025-03-17T08:42:35.157-04:00","eventName":"n8n.workflow.failed","message":"n8n.workflow.failed","payload":{"executionId":"13","userId":"0c7559b5-c2c0-4e17-bae8-231d21bc7dd2","success":false,"isManual":true,"workflowId":"cvFgspcxMeH430C0","workflowName":"My workflow","lastNodeExecuted":"Postgres","errorNodeType":"n8n-nodes-base.postgres","errorMessage":"relation \"cryptocurrency_prediction.crypto_data\" does not exist"}}
{"__type":"$$EventMessageConfirm","confirm":"17a4ed7a-7223-4cbc-8389-2d9ef1f4d6ed","ts":"2025-03-17T08:42:35.157-04:00","source":{"id":"0","name":"eventBus"}}
{"__type":"$$EventMessageAudit","id":"db4d9b4f-9eda-4aec-a337-d556ba695fd5","ts":"2025-03-17T08:42:39.687-04:00","eventName":"n8n.audit.workflow.updated","message":"n8n.audit.workflow.updated","payload":{"userId":"0c7559b5-c2c0-4e17-bae8-231d21bc7dd2","_email":"tntrngtrung@gmail.com","_firstName":"tin","_lastName":"truong","globalRole":"global:owner","workflowId":"cvFgspcxMeH430C0","workflowName":"My workflow"}}
{"__type":"$$EventMessageConfirm","confirm":"db4d9b4f-9eda-4aec-a337-d556ba695fd5","ts":"2025-03-17T08:42:39.687-04:00","source":{"id":"0","name":"eventBus"}}
{"__type":"$$EventMessageWorkflow","id":"9c73c2c6-87b2-449f-a368-66b6c616f0e0","ts":"2025-03-17T08:42:41.299-04:00","eventName":"n8n.workflow.started","message":"n8n.workflow.started","payload":{"executionId":"14","workflowId":"cvFgspcxMeH430C0","isManual":false,"workflowName":"My workflow"}}
{"__type":"$$EventMessageConfirm","confirm":"9c73c2c6-87b2-449f-a368-66b6c616f0e0","ts":"2025-03-17T08:42:41.299-04:00","source":{"id":"0","name":"eventBus"}}
{"__type":"$$EventMessageNode","id":"64dc5627-61c4-47e3-bfdd-62119889c917","ts":"2025-03-17T08:42:41.300-04:00","eventName":"n8n.node.started","message":"n8n.node.started","payload":{"workflowId":"cvFgspcxMeH430C0","workflowName":"My workflow","executionId":"14","nodeType":"n8n-nodes-base.postgres","nodeName":"Postgres"}}
{"__type":"$$EventMessageConfirm","confirm":"64dc5627-61c4-47e3-bfdd-62119889c917","ts":"2025-03-17T08:42:41.300-04:00","source":{"id":"0","name":"eventBus"}}
{"__type":"$$EventMessageNode","id":"6fcbc4b7-957a-4d5f-924e-bc2b65aeb38b","ts":"2025-03-17T08:42:41.311-04:00","eventName":"n8n.node.finished","message":"n8n.node.finished","payload":{"workflowId":"cvFgspcxMeH430C0","workflowName":"My workflow","executionId":"14","nodeType":"n8n-nodes-base.postgres","nodeName":"Postgres"}}
{"__type":"$$EventMessageConfirm","confirm":"6fcbc4b7-957a-4d5f-924e-bc2b65aeb38b","ts":"2025-03-17T08:42:41.311-04:00","source":{"id":"0","name":"eventBus"}}
{"__type":"$$EventMessageWorkflow","id":"6f938766-93b2-47be-aa09-af083b879181","ts":"2025-03-17T08:42:41.313-04:00","eventName":"n8n.workflow.failed","message":"n8n.workflow.failed","payload":{"executionId":"14","userId":"0c7559b5-c2c0-4e17-bae8-231d21bc7dd2","success":false,"isManual":true,"workflowId":"cvFgspcxMeH430C0","workflowName":"My workflow","lastNodeExecuted":"Postgres","errorNodeType":"n8n-nodes-base.postgres","errorMessage":"relation \"crypto_data\" does not exist"}}
{"__type":"$$EventMessageConfirm","confirm":"6f938766-93b2-47be-aa09-af083b879181","ts":"2025-03-17T08:42:41.313-04:00","source":{"id":"0","name":"eventBus"}}
{"__type":"$$EventMessageAudit","id":"e44ab6bd-6c4e-4b67-9885-9547de048a4a","ts":"2025-03-17T10:26:28.991-04:00","eventName":"n8n.audit.workflow.updated","message":"n8n.audit.workflow.updated","payload":{"userId":"0c7559b5-c2c0-4e17-bae8-231d21bc7dd2","_email":"tntrngtrung@gmail.com","_firstName":"tin","_lastName":"truong","globalRole":"global:owner","workflowId":"cvFgspcxMeH430C0","workflowName":"My workflow"}}
{"__type":"$$EventMessageConfirm","confirm":"e44ab6bd-6c4e-4b67-9885-9547de048a4a","ts":"2025-03-17T10:26:28.991-04:00","source":{"id":"0","name":"eventBus"}}
{"__type":"$$EventMessageAudit","id":"5118da04-4190-4575-88bb-7cd6143fc43c","ts":"2025-03-17T10:26:29.162-04:00","eventName":"n8n.audit.workflow.updated","message":"n8n.audit.workflow.updated","payload":{"userId":"0c7559b5-c2c0-4e17-bae8-231d21bc7dd2","_email":"tntrngtrung@gmail.com","_firstName":"tin","_lastName":"truong","globalRole":"global:owner","workflowId":"cvFgspcxMeH430C0","workflowName":"My workflow"}}
{"__type":"$$EventMessageConfirm","confirm":"5118da04-4190-4575-88bb-7cd6143fc43c","ts":"2025-03-17T10:26:29.162-04:00","source":{"id":"0","name":"eventBus"}}
