{"__type":"$$EventMessageWorkflow","id":"2ac832da-58c2-47b0-ac48-93c34b943d62","ts":"2025-03-17T12:03:26.307+00:00","eventName":"n8n.workflow.started","message":"n8n.workflow.started","payload":{"executionId":"35","workflowId":"ByGb0CtVp16Apn8p","isManual":false,"workflowName":"My workflow"}}
{"__type":"$$EventMessageConfirm","confirm":"2ac832da-58c2-47b0-ac48-93c34b943d62","ts":"2025-03-17T12:03:26.308+00:00","source":{"id":"0","name":"eventBus"}}
{"__type":"$$EventMessageNode","id":"10552ccd-006b-4c31-a89a-3862aaa626c1","ts":"2025-03-17T12:03:26.309+00:00","eventName":"n8n.node.started","message":"n8n.node.started","payload":{"workflowId":"ByGb0CtVp16Apn8p","workflowName":"My workflow","executionId":"35","nodeType":"n8n-nodes-base.scheduleTrigger","nodeName":"Schedule Trigger"}}
{"__type":"$$EventMessageConfirm","confirm":"10552ccd-006b-4c31-a89a-3862aaa626c1","ts":"2025-03-17T12:03:26.310+00:00","source":{"id":"0","name":"eventBus"}}
{"__type":"$$EventMessageNode","id":"09ef8746-a064-47ca-bacf-8ee0097c9bf2","ts":"2025-03-17T12:03:26.322+00:00","eventName":"n8n.node.finished","message":"n8n.node.finished","payload":{"workflowId":"ByGb0CtVp16Apn8p","workflowName":"My workflow","executionId":"35","nodeType":"n8n-nodes-base.scheduleTrigger","nodeName":"Schedule Trigger"}}
{"__type":"$$EventMessageConfirm","confirm":"09ef8746-a064-47ca-bacf-8ee0097c9bf2","ts":"2025-03-17T12:03:26.323+00:00","source":{"id":"0","name":"eventBus"}}
{"__type":"$$EventMessageNode","id":"c907822a-0849-4c4f-9fce-38b204f59535","ts":"2025-03-17T12:03:26.323+00:00","eventName":"n8n.node.started","message":"n8n.node.started","payload":{"workflowId":"ByGb0CtVp16Apn8p","workflowName":"My workflow","executionId":"35","nodeType":"n8n-nodes-base.httpRequest","nodeName":"HTTP Request"}}
{"__type":"$$EventMessageConfirm","confirm":"c907822a-0849-4c4f-9fce-38b204f59535","ts":"2025-03-17T12:03:26.323+00:00","source":{"id":"0","name":"eventBus"}}
{"__type":"$$EventMessageNode","id":"57891dd3-34fd-44c5-a573-3836e627a178","ts":"2025-03-17T12:03:26.632+00:00","eventName":"n8n.node.finished","message":"n8n.node.finished","payload":{"workflowId":"ByGb0CtVp16Apn8p","workflowName":"My workflow","executionId":"35","nodeType":"n8n-nodes-base.httpRequest","nodeName":"HTTP Request"}}
{"__type":"$$EventMessageConfirm","confirm":"57891dd3-34fd-44c5-a573-3836e627a178","ts":"2025-03-17T12:03:26.632+00:00","source":{"id":"0","name":"eventBus"}}
{"__type":"$$EventMessageNode","id":"c2056c10-9497-4d2c-bb01-71d01e722045","ts":"2025-03-17T12:03:26.633+00:00","eventName":"n8n.node.started","message":"n8n.node.started","payload":{"workflowId":"ByGb0CtVp16Apn8p","workflowName":"My workflow","executionId":"35","nodeType":"n8n-nodes-base.postgres","nodeName":"Postgres"}}
{"__type":"$$EventMessageConfirm","confirm":"c2056c10-9497-4d2c-bb01-71d01e722045","ts":"2025-03-17T12:03:26.633+00:00","source":{"id":"0","name":"eventBus"}}
{"__type":"$$EventMessageNode","id":"d2446748-8020-48d7-97fa-40efd3709f40","ts":"2025-03-17T08:03:26.746-04:00","eventName":"n8n.node.finished","message":"n8n.node.finished","payload":{"workflowId":"ByGb0CtVp16Apn8p","workflowName":"My workflow","executionId":"35","nodeType":"n8n-nodes-base.postgres","nodeName":"Postgres"}}
{"__type":"$$EventMessageConfirm","confirm":"d2446748-8020-48d7-97fa-40efd3709f40","ts":"2025-03-17T08:03:26.746-04:00","source":{"id":"0","name":"eventBus"}}
{"__type":"$$EventMessageWorkflow","id":"79618649-9f32-4e90-a4ee-b330585ea6cb","ts":"2025-03-17T08:03:26.754-04:00","eventName":"n8n.workflow.failed","message":"n8n.workflow.failed","payload":{"executionId":"35","userId":"26dfb2cb-1837-4e46-b040-d9ed16299fc7","success":false,"isManual":true,"workflowId":"ByGb0CtVp16Apn8p","workflowName":"My workflow","lastNodeExecuted":"Postgres","errorNodeType":"n8n-nodes-base.postgres","errorMessage":"Connection refused"}}
{"__type":"$$EventMessageConfirm","confirm":"79618649-9f32-4e90-a4ee-b330585ea6cb","ts":"2025-03-17T08:03:26.754-04:00","source":{"id":"0","name":"eventBus"}}
{"__type":"$$EventMessageAudit","id":"71d75cf5-2069-4c9d-9cf3-0546a091194b","ts":"2025-03-17T08:04:03.158-04:00","eventName":"n8n.audit.user.credentials.updated","message":"n8n.audit.user.credentials.updated","payload":{"userId":"26dfb2cb-1837-4e46-b040-d9ed16299fc7","_email":"tntrngtrung@gmail.com","_firstName":"Trương","_lastName":"Truong","globalRole":"global:owner","credentialType":"postgres","credentialId":"6ObhSBgxzCR5VkZU"}}
{"__type":"$$EventMessageConfirm","confirm":"71d75cf5-2069-4c9d-9cf3-0546a091194b","ts":"2025-03-17T08:04:03.158-04:00","source":{"id":"0","name":"eventBus"}}
{"__type":"$$EventMessageAudit","id":"ef9ea10a-aa2a-417a-a9f1-3fcb63e36812","ts":"2025-03-17T08:04:08.927-04:00","eventName":"n8n.audit.user.credentials.updated","message":"n8n.audit.user.credentials.updated","payload":{"userId":"26dfb2cb-1837-4e46-b040-d9ed16299fc7","_email":"tntrngtrung@gmail.com","_firstName":"Trương","_lastName":"Truong","globalRole":"global:owner","credentialType":"postgres","credentialId":"6ObhSBgxzCR5VkZU"}}
{"__type":"$$EventMessageConfirm","confirm":"ef9ea10a-aa2a-417a-a9f1-3fcb63e36812","ts":"2025-03-17T08:04:08.927-04:00","source":{"id":"0","name":"eventBus"}}
